<?xml version="1.0" encoding="UTF-8" ?>
<testsuite failures="0" time="98.907" errors="2" skipped="0"
	tests="2" name="com.amazon.testpages.SimpleAmazonSearchTest">
	<properties>
		<property name="java.runtime.name" value="Java(TM) SE Runtime Environment" />
		<property name="sun.boot.library.path" value="C:\Program Files\Java\jdk1.7.0_45\jre\bin" />
		<property name="java.vm.version" value="24.45-b08" />
		<property name="java.vm.vendor" value="Oracle Corporation" />
		<property name="java.vendor.url" value="http://java.oracle.com/" />
		<property name="path.separator" value=";" />
		<property name="guice.disable.misplaced.annotation.check"
			value="true" />
		<property name="java.vm.name" value="Java HotSpot(TM) 64-Bit Server VM" />
		<property name="file.encoding.pkg" value="sun.io" />
		<property name="user.script" value="" />
		<property name="user.country" value="GB" />
		<property name="sun.java.launcher" value="SUN_STANDARD" />
		<property name="sun.os.patch.level" value="Service Pack 1" />
		<property name="java.vm.specification.name" value="Java Virtual Machine Specification" />
		<property name="user.dir"
			value="C:\Users\pptipi\nishitha_workspace\AmazonMyProject" />
		<property name="java.runtime.version" value="1.7.0_45-b18" />
		<property name="java.awt.graphicsenv" value="sun.awt.Win32GraphicsEnvironment" />
		<property name="java.endorsed.dirs"
			value="C:\Program Files\Java\jdk1.7.0_45\jre\lib\endorsed" />
		<property name="os.arch" value="amd64" />
		<property name="java.io.tmpdir" value="C:\Users\pptipi\AppData\Local\Temp\" />
		<property name="line.separator" value="
" />
		<property name="java.vm.specification.vendor" value="Oracle Corporation" />
		<property name="user.variant" value="" />
		<property name="os.name" value="Windows 7" />
		<property name="classworlds.conf"
			value="C:\Program Files\Apache Software Foundation\apache-maven-3.1.1\bin\m2.conf" />
		<property name="sun.jnu.encoding" value="Cp1252" />
		<property name="java.library.path"
			value="C:\Program Files\Java\jdk1.7.0_45\bin;C:\windows\Sun\Java\bin;C:\windows\system32;C:\windows;C:\ProgramData\Oracle\Java\javapath;C:\Program Files (x86)\RSA SecurID Token Common;C:\windows\system32;C:\windows;C:\windows\System32\Wbem;C:\windows\System32\WindowsPowerShell\v1.0\;C:\Program Files (x86)\Enterprise Vault\EVClient\;C:\Program Files\Intel\WiFi\bin\;C:\Program Files\Common Files\Intel\WirelessCommon\;C:\strawberry\c\bin;C:\strawberry\perl\bin;C:\Program Files\TortoiseSVN\bin;C:\Program Files (x86)\QuickTime\QTSystem\;C:\Program Files\Google\Cloud SDK\google-cloud-sdk\bin;C:\Program Files\TortoiseGit\bin;C:\Users\pptipi\Android\adt-bundle-windows-x86_64-20140702\sdk\tools;C:\Users\pptipi\Android\adt-bundle-windows-x86_64-20140702\sdk\platform-tools;%M2_HOME%\bin;C:\Program Files\Apache Software Foundation\apache-maven-3.1.1\bin;C:\Program Files\Java\jdk1.7.0_45\bin;." />
		<property name="java.specification.name" value="Java Platform API Specification" />
		<property name="java.class.version" value="51.0" />
		<property name="sun.management.compiler" value="HotSpot 64-Bit Tiered Compilers" />
		<property name="os.version" value="6.1" />
		<property name="user.home" value="C:\Users\pptipi" />
		<property name="user.timezone" value="Europe/London" />
		<property name="java.awt.printerjob" value="sun.awt.windows.WPrinterJob" />
		<property name="java.specification.version" value="1.7" />
		<property name="file.encoding" value="Cp1252" />
		<property name="user.name" value="pptipi" />
		<property name="java.class.path"
			value="C:\Program Files\Apache Software Foundation\apache-maven-3.1.1\boot\plexus-classworlds-2.5.1.jar" />
		<property name="org.slf4j.simpleLogger.defaultLogLevel"
			value="info" />
		<property name="java.vm.specification.version" value="1.7" />
		<property name="sun.arch.data.model" value="64" />
		<property name="java.home" value="C:\Program Files\Java\jdk1.7.0_45\jre" />
		<property name="sun.java.command"
			value="org.codehaus.plexus.classworlds.launcher.Launcher package" />
		<property name="java.specification.vendor" value="Oracle Corporation" />
		<property name="user.language" value="en" />
		<property name="awt.toolkit" value="sun.awt.windows.WToolkit" />
		<property name="java.vm.info" value="mixed mode" />
		<property name="java.version" value="1.7.0_45" />
		<property name="java.ext.dirs"
			value="C:\Program Files\Java\jdk1.7.0_45\jre\lib\ext;C:\windows\Sun\Java\lib\ext" />
		<property name="sun.boot.class.path"
			value="C:\Program Files\Java\jdk1.7.0_45\jre\lib\resources.jar;C:\Program Files\Java\jdk1.7.0_45\jre\lib\rt.jar;C:\Program Files\Java\jdk1.7.0_45\jre\lib\sunrsasign.jar;C:\Program Files\Java\jdk1.7.0_45\jre\lib\jsse.jar;C:\Program Files\Java\jdk1.7.0_45\jre\lib\jce.jar;C:\Program Files\Java\jdk1.7.0_45\jre\lib\charsets.jar;C:\Program Files\Java\jdk1.7.0_45\jre\lib\jfr.jar;C:\Program Files\Java\jdk1.7.0_45\jre\classes" />
		<property name="java.vendor" value="Oracle Corporation" />
		<property name="maven.home"
			value="C:\Program Files\Apache Software Foundation\apache-maven-3.1.1" />
		<property name="file.separator" value="\" />
		<property name="java.vendor.url.bug" value="http://bugreport.sun.com/bugreport/" />
		<property name="sun.cpu.endian" value="little" />
		<property name="sun.io.unicode.encoding" value="UnicodeLittle" />
		<property name="sun.desktop" value="windows" />
		<property name="sun.cpu.isalist" value="amd64" />
	</properties>
	<testcase time="49.451" classname="com.amazon.testpages.SimpleAmazonSearchTest"
		name="search_amazon">
		<error
			message="Failed to connect to binary FirefoxBinary(C:\Program Files (x86)\Mozilla Firefox\firefox.exe) on port 7055; process output follows: 
\extensions\webdriver-staging
1413840080316	addons.xpi	DEBUG	checkForChanges
1413840080340	addons.xpi	DEBUG	Directory state JSON differs: cache [] state [{&quot;name&quot;:&quot;winreg-app-global&quot;,&quot;addons&quot;:{&quot;{BBDA0591-3099-440a-AA10-41764D9DB4DB}&quot;:{&quot;descriptor&quot;:&quot;C:\\ProgramData\\Symantec\\Symantec Endpoint Protection\\12.1.3001.165.105\\Data\\IPSFF&quot;,&quot;mtime&quot;:1406623549477,&quot;rdfTime&quot;:1406623549473}}},{&quot;name&quot;:&quot;app-global&quot;,&quot;addons&quot;:{&quot;{972ce4c6-7e08-4474-a285-3208198ce6fd}&quot;:{&quot;descriptor&quot;:&quot;C:\\Program Files (x86)\\Mozilla Firefox\\browser\\extensions\\{972ce4c6-7e08-4474-a285-3208198ce6fd}&quot;,&quot;mtime&quot;:1412022267098,&quot;rdfTime&quot;:1412022267011}}},{&quot;name&quot;:&quot;app-profile&quot;,&quot;addons&quot;:{&quot;fxdriver@googlecode.com&quot;:{&quot;descriptor&quot;:&quot;C:\\Users\\pptipi\\AppData\\Local\\Temp\\anonymous3386957509747968548webdriver-profile\\extensions\\fxdriver@googlecode.com&quot;,&quot;mtime&quot;:1413840079870,&quot;rdfTime&quot;:1413840079807}}}]
1413840080346	addons.xpi-utils	DEBUG	Opening XPI database C:\Users\pptipi\AppData\Local\Temp\anonymous3386957509747968548webdriver-profile\extensions.json
1413840080348	addons.xpi	DEBUG	New add-on fxdriver@googlecode.com installed in app-profile
1413840080459	addons.xpi-utils	DEBUG	Make addon app-profile:fxdriver@googlecode.com visible
1413840080461	DeferredSave.extensions.json	DEBUG	Save changes
1413840080461	DeferredSave.extensions.json	DEBUG	Save changes
1413840080461	addons.xpi	DEBUG	New add-on {972ce4c6-7e08-4474-a285-3208198ce6fd} installed in app-global
1413840080466	addons.xpi-utils	DEBUG	Make addon app-global:{972ce4c6-7e08-4474-a285-3208198ce6fd} visible
1413840080466	DeferredSave.extensions.json	DEBUG	Save changes
1413840080466	DeferredSave.extensions.json	DEBUG	Save changes
1413840080467	addons.xpi	DEBUG	New add-on {BBDA0591-3099-440a-AA10-41764D9DB4DB} installed in winreg-app-global
1413840080478	addons.xpi-utils	DEBUG	Make addon winreg-app-global:{BBDA0591-3099-440a-AA10-41764D9DB4DB} visible
1413840080479	DeferredSave.extensions.json	DEBUG	Save changes
1413840080479	DeferredSave.extensions.json	DEBUG	Save changes
1413840080500	addons.xpi	DEBUG	Updating database with changes to installed add-ons
1413840080500	addons.xpi-utils	DEBUG	Updating add-on states
1413840080501	addons.xpi-utils	DEBUG	Writing add-ons list
1413840080887	DeferredSave.extensions.json	DEBUG	Starting timer
1413840080916	addons.manager	DEBUG	shutdown
1413840080917	DeferredSave.extensions.json	DEBUG	Starting write
1413840080918	addons.xpi	DEBUG	shutdown
1413840080918	addons.xpi-utils	DEBUG	shutdown
1413840080968	DeferredSave.extensions.json	DEBUG	Write succeeded
1413840080968	addons.xpi-utils	DEBUG	XPI Database saved, setting schema version preference to 16
1413840080968	addons.xpi	DEBUG	Notifying XPI shutdown observers
1413840080970	addons.manager	DEBUG	Async provider shutdown done
1413840081235	addons.manager	DEBUG	Loaded provider scope for resource://gre/modules/addons/XPIProvider.jsm: [&quot;XPIProvider&quot;]
1413840081236	addons.manager	DEBUG	Loaded provider scope for resource://gre/modules/LightweightThemeManager.jsm: [&quot;LightweightThemeManager&quot;]
1413840081238	addons.xpi	DEBUG	startup
1413840081238	addons.xpi	INFO	Mapping {BBDA0591-3099-440a-AA10-41764D9DB4DB} to C:\ProgramData\Symantec\Symantec Endpoint Protection\12.1.3001.165.105\Data\IPSFF
1413840081239	addons.xpi	DEBUG	Skipping unavailable install location app-system-local
1413840081239	addons.xpi	DEBUG	Skipping unavailable install location app-system-share
1413840081239	addons.xpi	INFO	Mapping {972ce4c6-7e08-4474-a285-3208198ce6fd} to C:\Program Files (x86)\Mozilla Firefox\browser\extensions\{972ce4c6-7e08-4474-a285-3208198ce6fd}
1413840081240	addons.xpi	INFO	Mapping fxdriver@googlecode.com to C:\Users\pptipi\AppData\Local\Temp\anonymous3386957509747968548webdriver-profile\extensions\fxdriver@googlecode.com
1413840081241	addons.xpi	DEBUG	Ignoring file entry whose name is not a valid add-on ID: C:\Users\pptipi\AppData\Local\Temp\anonymous3386957509747968548webdriver-profile\extensions\webdriver-staging
1413840081241	addons.xpi	DEBUG	checkForChanges
1413840081256	addons.xpi	DEBUG	No changes found

Build info: version: &apos;2.25.0&apos;, revision: &apos;17482&apos;, time: &apos;2012-07-18 22:18:01&apos;
System info: os.name: &apos;Windows 7&apos;, os.arch: &apos;amd64&apos;, os.version: &apos;6.1&apos;, java.version: &apos;1.7.0_45&apos;
Driver info: driver.version: FirefoxDriver"
			type="org.openqa.selenium.WebDriverException">org.openqa.selenium.WebDriverException: Failed to connect to
			binary FirefoxBinary(C:\Program Files (x86)\Mozilla
			Firefox\firefox.exe) on port 7055; process output follows:
			\extensions\webdriver-staging
			1413840080316 addons.xpi DEBUG checkForChanges
			1413840080340 addons.xpi DEBUG Directory state JSON differs: cache [] state
			[{&quot;name&quot;:&quot;winreg-app-global&quot;,&quot;addons&quot;:{&quot;{BBDA0591-3099-440a-AA10-41764D9DB4DB}&quot;:{&quot;descriptor&quot;:&quot;C:\\ProgramData\\Symantec\\Symantec
			Endpoint
			Protection\\12.1.3001.165.105\\Data\\IPSFF&quot;,&quot;mtime&quot;:1406623549477,&quot;rdfTime&quot;:1406623549473}}},{&quot;name&quot;:&quot;app-global&quot;,&quot;addons&quot;:{&quot;{972ce4c6-7e08-4474-a285-3208198ce6fd}&quot;:{&quot;descriptor&quot;:&quot;C:\\Program
			Files (x86)\\Mozilla
			Firefox\\browser\\extensions\\{972ce4c6-7e08-4474-a285-3208198ce6fd}&quot;,&quot;mtime&quot;:1412022267098,&quot;rdfTime&quot;:1412022267011}}},{&quot;name&quot;:&quot;app-profile&quot;,&quot;addons&quot;:{&quot;fxdriver@googlecode.com&quot;:{&quot;descriptor&quot;:&quot;C:\\Users\\pptipi\\AppData\\Local\\Temp\\anonymous3386957509747968548webdriver-profile\\extensions\\fxdriver@googlecode.com&quot;,&quot;mtime&quot;:1413840079870,&quot;rdfTime&quot;:1413840079807}}}]
			1413840080346 addons.xpi-utils DEBUG Opening XPI database
			C:\Users\pptipi\AppData\Local\Temp\anonymous3386957509747968548webdriver-profile\extensions.json
			1413840080348 addons.xpi DEBUG New add-on fxdriver@googlecode.com
			installed in app-profile
			1413840080459 addons.xpi-utils DEBUG Make addon
			app-profile:fxdriver@googlecode.com visible
			1413840080461 DeferredSave.extensions.json DEBUG Save changes
			1413840080461 DeferredSave.extensions.json DEBUG Save changes
			1413840080461 addons.xpi DEBUG New add-on {972ce4c6-7e08-4474-a285-3208198ce6fd}
			installed in app-global
			1413840080466 addons.xpi-utils DEBUG Make addon
			app-global:{972ce4c6-7e08-4474-a285-3208198ce6fd} visible
			1413840080466 DeferredSave.extensions.json DEBUG Save changes
			1413840080466 DeferredSave.extensions.json DEBUG Save changes
			1413840080467 addons.xpi DEBUG New add-on
			{BBDA0591-3099-440a-AA10-41764D9DB4DB} installed in winreg-app-global
			1413840080478 addons.xpi-utils DEBUG Make addon
			winreg-app-global:{BBDA0591-3099-440a-AA10-41764D9DB4DB} visible
			1413840080479 DeferredSave.extensions.json DEBUG Save changes
			1413840080479 DeferredSave.extensions.json DEBUG Save changes
			1413840080500 addons.xpi DEBUG Updating database with changes to
			installed add-ons
			1413840080500 addons.xpi-utils DEBUG Updating add-on states
			1413840080501 addons.xpi-utils DEBUG Writing add-ons list
			1413840080887 DeferredSave.extensions.json DEBUG Starting timer
			1413840080916 addons.manager DEBUG shutdown
			1413840080917 DeferredSave.extensions.json DEBUG Starting write
			1413840080918 addons.xpi DEBUG shutdown
			1413840080918 addons.xpi-utils DEBUG shutdown
			1413840080968 DeferredSave.extensions.json DEBUG Write succeeded
			1413840080968 addons.xpi-utils DEBUG XPI Database saved, setting schema version
			preference to 16
			1413840080968 addons.xpi DEBUG Notifying XPI shutdown observers
			1413840080970 addons.manager DEBUG Async provider shutdown done
			1413840081235 addons.manager DEBUG Loaded provider scope for
			resource://gre/modules/addons/XPIProvider.jsm:
			[&quot;XPIProvider&quot;]
			1413840081236 addons.manager DEBUG Loaded provider scope for
			resource://gre/modules/LightweightThemeManager.jsm:
			[&quot;LightweightThemeManager&quot;]
			1413840081238 addons.xpi DEBUG startup
			1413840081238 addons.xpi INFO Mapping {BBDA0591-3099-440a-AA10-41764D9DB4DB} to
			C:\ProgramData\Symantec\Symantec Endpoint
			Protection\12.1.3001.165.105\Data\IPSFF
			1413840081239 addons.xpi DEBUG Skipping unavailable install location
			app-system-local
			1413840081239 addons.xpi DEBUG Skipping unavailable install location
			app-system-share
			1413840081239 addons.xpi INFO Mapping {972ce4c6-7e08-4474-a285-3208198ce6fd} to
			C:\Program Files (x86)\Mozilla
			Firefox\browser\extensions\{972ce4c6-7e08-4474-a285-3208198ce6fd}
			1413840081240 addons.xpi INFO Mapping fxdriver@googlecode.com to
			C:\Users\pptipi\AppData\Local\Temp\anonymous3386957509747968548webdriver-profile\extensions\fxdriver@googlecode.com
			1413840081241 addons.xpi DEBUG Ignoring file entry whose name is not
			a valid add-on ID:
			C:\Users\pptipi\AppData\Local\Temp\anonymous3386957509747968548webdriver-profile\extensions\webdriver-staging
			1413840081241 addons.xpi DEBUG checkForChanges
			1413840081256 addons.xpi DEBUG No changes found

			Build info: version: &apos;2.25.0&apos;, revision: &apos;17482&apos;,
			time: &apos;2012-07-18 22:18:01&apos;
			System info: os.name: &apos;Windows 7&apos;, os.arch: &apos;amd64&apos;,
			os.version: &apos;6.1&apos;, java.version: &apos;1.7.0_45&apos;
			Driver info: driver.version: FirefoxDriver
			at
			org.openqa.selenium.firefox.internal.NewProfileExtensionConnection.start(NewProfileExtensionConnection.java:121)
			at
			org.openqa.selenium.firefox.FirefoxDriver.startClient(FirefoxDriver.java:245)
			at
			org.openqa.selenium.remote.RemoteWebDriver.&lt;init&gt;(RemoteWebDriver.java:109)
			at
			org.openqa.selenium.firefox.FirefoxDriver.&lt;init&gt;(FirefoxDriver.java:183)
			at
			org.openqa.selenium.firefox.FirefoxDriver.&lt;init&gt;(FirefoxDriver.java:178)
			at
			org.openqa.selenium.firefox.FirefoxDriver.&lt;init&gt;(FirefoxDriver.java:174)
			at
			org.openqa.selenium.firefox.FirefoxDriver.&lt;init&gt;(FirefoxDriver.java:92)
			at
			com.amazon.testpages.SimpleAmazonSearchTest.setupSelenium(SimpleAmazonSearchTest.java:19)
			at sun.reflect.NativeMethodAccessorImpl.invoke0(Native Method)
			at
			sun.reflect.NativeMethodAccessorImpl.invoke(NativeMethodAccessorImpl.java:57)
			at
			sun.reflect.DelegatingMethodAccessorImpl.invoke(DelegatingMethodAccessorImpl.java:43)
			at java.lang.reflect.Method.invoke(Method.java:606)
			at
			org.junit.runners.model.FrameworkMethod$1.runReflectiveCall(FrameworkMethod.java:44)
			at
			org.junit.internal.runners.model.ReflectiveCallable.run(ReflectiveCallable.java:15)
			at
			org.junit.runners.model.FrameworkMethod.invokeExplosively(FrameworkMethod.java:41)
			at
			org.junit.internal.runners.statements.RunBefores.evaluate(RunBefores.java:27)
			at
			org.junit.internal.runners.statements.RunAfters.evaluate(RunAfters.java:31)
			at org.junit.runners.ParentRunner.runLeaf(ParentRunner.java:263)
			at
			org.junit.runners.BlockJUnit4ClassRunner.runChild(BlockJUnit4ClassRunner.java:69)
			at
			org.junit.runners.BlockJUnit4ClassRunner.runChild(BlockJUnit4ClassRunner.java:48)
			at org.junit.runners.ParentRunner$3.run(ParentRunner.java:231)
			at org.junit.runners.ParentRunner$1.schedule(ParentRunner.java:60)
			at org.junit.runners.ParentRunner.runChildren(ParentRunner.java:229)
			at org.junit.runners.ParentRunner.access$000(ParentRunner.java:50)
			at org.junit.runners.ParentRunner$2.evaluate(ParentRunner.java:222)
			at org.junit.runners.ParentRunner.run(ParentRunner.java:292)
			at
			org.apache.maven.surefire.junit4.JUnit4Provider.execute(JUnit4Provider.java:252)
			at
			org.apache.maven.surefire.junit4.JUnit4Provider.executeTestSet(JUnit4Provider.java:141)
			at
			org.apache.maven.surefire.junit4.JUnit4Provider.invoke(JUnit4Provider.java:112)
			at sun.reflect.NativeMethodAccessorImpl.invoke0(Native Method)
			at
			sun.reflect.NativeMethodAccessorImpl.invoke(NativeMethodAccessorImpl.java:57)
			at
			sun.reflect.DelegatingMethodAccessorImpl.invoke(DelegatingMethodAccessorImpl.java:43)
			at java.lang.reflect.Method.invoke(Method.java:606)
			at
			org.apache.maven.surefire.util.ReflectionUtils.invokeMethodWithArray(ReflectionUtils.java:189)
			at
			org.apache.maven.surefire.booter.ProviderFactory$ProviderProxy.invoke(ProviderFactory.java:165)
			at
			org.apache.maven.surefire.booter.ProviderFactory.invokeProvider(ProviderFactory.java:85)
			at
			org.apache.maven.surefire.booter.ForkedBooter.runSuitesInProcess(ForkedBooter.java:115)
			at
			org.apache.maven.surefire.booter.ForkedBooter.main(ForkedBooter.java:75)
			Caused by: org.openqa.selenium.firefox.NotConnectedException: Unable
			to connect to host 127.0.0.1 on port 7055 after 45000 ms. Firefox
			console output:
			\extensions\webdriver-staging
			1413840080316 addons.xpi DEBUG checkForChanges
			1413840080340 addons.xpi DEBUG Directory state JSON differs: cache [] state
			[{&quot;name&quot;:&quot;winreg-app-global&quot;,&quot;addons&quot;:{&quot;{BBDA0591-3099-440a-AA10-41764D9DB4DB}&quot;:{&quot;descriptor&quot;:&quot;C:\\ProgramData\\Symantec\\Symantec
			Endpoint
			Protection\\12.1.3001.165.105\\Data\\IPSFF&quot;,&quot;mtime&quot;:1406623549477,&quot;rdfTime&quot;:1406623549473}}},{&quot;name&quot;:&quot;app-global&quot;,&quot;addons&quot;:{&quot;{972ce4c6-7e08-4474-a285-3208198ce6fd}&quot;:{&quot;descriptor&quot;:&quot;C:\\Program
			Files (x86)\\Mozilla
			Firefox\\browser\\extensions\\{972ce4c6-7e08-4474-a285-3208198ce6fd}&quot;,&quot;mtime&quot;:1412022267098,&quot;rdfTime&quot;:1412022267011}}},{&quot;name&quot;:&quot;app-profile&quot;,&quot;addons&quot;:{&quot;fxdriver@googlecode.com&quot;:{&quot;descriptor&quot;:&quot;C:\\Users\\pptipi\\AppData\\Local\\Temp\\anonymous3386957509747968548webdriver-profile\\extensions\\fxdriver@googlecode.com&quot;,&quot;mtime&quot;:1413840079870,&quot;rdfTime&quot;:1413840079807}}}]
			1413840080346 addons.xpi-utils DEBUG Opening XPI database
			C:\Users\pptipi\AppData\Local\Temp\anonymous3386957509747968548webdriver-profile\extensions.json
			1413840080348 addons.xpi DEBUG New add-on fxdriver@googlecode.com
			installed in app-profile
			1413840080459 addons.xpi-utils DEBUG Make addon
			app-profile:fxdriver@googlecode.com visible
			1413840080461 DeferredSave.extensions.json DEBUG Save changes
			1413840080461 DeferredSave.extensions.json DEBUG Save changes
			1413840080461 addons.xpi DEBUG New add-on {972ce4c6-7e08-4474-a285-3208198ce6fd}
			installed in app-global
			1413840080466 addons.xpi-utils DEBUG Make addon
			app-global:{972ce4c6-7e08-4474-a285-3208198ce6fd} visible
			1413840080466 DeferredSave.extensions.json DEBUG Save changes
			1413840080466 DeferredSave.extensions.json DEBUG Save changes
			1413840080467 addons.xpi DEBUG New add-on
			{BBDA0591-3099-440a-AA10-41764D9DB4DB} installed in winreg-app-global
			1413840080478 addons.xpi-utils DEBUG Make addon
			winreg-app-global:{BBDA0591-3099-440a-AA10-41764D9DB4DB} visible
			1413840080479 DeferredSave.extensions.json DEBUG Save changes
			1413840080479 DeferredSave.extensions.json DEBUG Save changes
			1413840080500 addons.xpi DEBUG Updating database with changes to
			installed add-ons
			1413840080500 addons.xpi-utils DEBUG Updating add-on states
			1413840080501 addons.xpi-utils DEBUG Writing add-ons list
			1413840080887 DeferredSave.extensions.json DEBUG Starting timer
			1413840080916 addons.manager DEBUG shutdown
			1413840080917 DeferredSave.extensions.json DEBUG Starting write
			1413840080918 addons.xpi DEBUG shutdown
			1413840080918 addons.xpi-utils DEBUG shutdown
			1413840080968 DeferredSave.extensions.json DEBUG Write succeeded
			1413840080968 addons.xpi-utils DEBUG XPI Database saved, setting schema version
			preference to 16
			1413840080968 addons.xpi DEBUG Notifying XPI shutdown observers
			1413840080970 addons.manager DEBUG Async provider shutdown done
			1413840081235 addons.manager DEBUG Loaded provider scope for
			resource://gre/modules/addons/XPIProvider.jsm:
			[&quot;XPIProvider&quot;]
			1413840081236 addons.manager DEBUG Loaded provider scope for
			resource://gre/modules/LightweightThemeManager.jsm:
			[&quot;LightweightThemeManager&quot;]
			1413840081238 addons.xpi DEBUG startup
			1413840081238 addons.xpi INFO Mapping {BBDA0591-3099-440a-AA10-41764D9DB4DB} to
			C:\ProgramData\Symantec\Symantec Endpoint
			Protection\12.1.3001.165.105\Data\IPSFF
			1413840081239 addons.xpi DEBUG Skipping unavailable install location
			app-system-local
			1413840081239 addons.xpi DEBUG Skipping unavailable install location
			app-system-share
			1413840081239 addons.xpi INFO Mapping {972ce4c6-7e08-4474-a285-3208198ce6fd} to
			C:\Program Files (x86)\Mozilla
			Firefox\browser\extensions\{972ce4c6-7e08-4474-a285-3208198ce6fd}
			1413840081240 addons.xpi INFO Mapping fxdriver@googlecode.com to
			C:\Users\pptipi\AppData\Local\Temp\anonymous3386957509747968548webdriver-profile\extensions\fxdriver@googlecode.com
			1413840081241 addons.xpi DEBUG Ignoring file entry whose name is not
			a valid add-on ID:
			C:\Users\pptipi\AppData\Local\Temp\anonymous3386957509747968548webdriver-profile\extensions\webdriver-staging
			1413840081241 addons.xpi DEBUG checkForChanges
			1413840081256 addons.xpi DEBUG No changes found

			at
			org.openqa.selenium.firefox.internal.NewProfileExtensionConnection.start(NewProfileExtensionConnection.java:109)
			... 37 more
		</error>
		<system-err>org.openqa.selenium.firefox.NotConnectedException: Unable
			to connect to host 127.0.0.1 on port 7055 after 45000 ms. Firefox
			console output:
			\extensions\webdriver-staging
			1413840080316 addons.xpi DEBUG checkForChanges
			1413840080340 addons.xpi DEBUG Directory state JSON differs: cache [] state
			[{&quot;name&quot;:&quot;winreg-app-global&quot;,&quot;addons&quot;:{&quot;{BBDA0591-3099-440a-AA10-41764D9DB4DB}&quot;:{&quot;descriptor&quot;:&quot;C:\\ProgramData\\Symantec\\Symantec
			Endpoint
			Protection\\12.1.3001.165.105\\Data\\IPSFF&quot;,&quot;mtime&quot;:1406623549477,&quot;rdfTime&quot;:1406623549473}}},{&quot;name&quot;:&quot;app-global&quot;,&quot;addons&quot;:{&quot;{972ce4c6-7e08-4474-a285-3208198ce6fd}&quot;:{&quot;descriptor&quot;:&quot;C:\\Program
			Files (x86)\\Mozilla
			Firefox\\browser\\extensions\\{972ce4c6-7e08-4474-a285-3208198ce6fd}&quot;,&quot;mtime&quot;:1412022267098,&quot;rdfTime&quot;:1412022267011}}},{&quot;name&quot;:&quot;app-profile&quot;,&quot;addons&quot;:{&quot;fxdriver@googlecode.com&quot;:{&quot;descriptor&quot;:&quot;C:\\Users\\pptipi\\AppData\\Local\\Temp\\anonymous3386957509747968548webdriver-profile\\extensions\\fxdriver@googlecode.com&quot;,&quot;mtime&quot;:1413840079870,&quot;rdfTime&quot;:1413840079807}}}]
			1413840080346 addons.xpi-utils DEBUG Opening XPI database
			C:\Users\pptipi\AppData\Local\Temp\anonymous3386957509747968548webdriver-profile\extensions.json
			1413840080348 addons.xpi DEBUG New add-on fxdriver@googlecode.com
			installed in app-profile
			1413840080459 addons.xpi-utils DEBUG Make addon
			app-profile:fxdriver@googlecode.com visible
			1413840080461 DeferredSave.extensions.json DEBUG Save changes
			1413840080461 DeferredSave.extensions.json DEBUG Save changes
			1413840080461 addons.xpi DEBUG New add-on {972ce4c6-7e08-4474-a285-3208198ce6fd}
			installed in app-global
			1413840080466 addons.xpi-utils DEBUG Make addon
			app-global:{972ce4c6-7e08-4474-a285-3208198ce6fd} visible
			1413840080466 DeferredSave.extensions.json DEBUG Save changes
			1413840080466 DeferredSave.extensions.json DEBUG Save changes
			1413840080467 addons.xpi DEBUG New add-on
			{BBDA0591-3099-440a-AA10-41764D9DB4DB} installed in winreg-app-global
			1413840080478 addons.xpi-utils DEBUG Make addon
			winreg-app-global:{BBDA0591-3099-440a-AA10-41764D9DB4DB} visible
			1413840080479 DeferredSave.extensions.json DEBUG Save changes
			1413840080479 DeferredSave.extensions.json DEBUG Save changes
			1413840080500 addons.xpi DEBUG Updating database with changes to
			installed add-ons
			1413840080500 addons.xpi-utils DEBUG Updating add-on states
			1413840080501 addons.xpi-utils DEBUG Writing add-ons list
			1413840080887 DeferredSave.extensions.json DEBUG Starting timer
			1413840080916 addons.manager DEBUG shutdown
			1413840080917 DeferredSave.extensions.json DEBUG Starting write
			1413840080918 addons.xpi DEBUG shutdown
			1413840080918 addons.xpi-utils DEBUG shutdown
			1413840080968 DeferredSave.extensions.json DEBUG Write succeeded
			1413840080968 addons.xpi-utils DEBUG XPI Database saved, setting schema version
			preference to 16
			1413840080968 addons.xpi DEBUG Notifying XPI shutdown observers
			1413840080970 addons.manager DEBUG Async provider shutdown done
			1413840081235 addons.manager DEBUG Loaded provider scope for
			resource://gre/modules/addons/XPIProvider.jsm:
			[&quot;XPIProvider&quot;]
			1413840081236 addons.manager DEBUG Loaded provider scope for
			resource://gre/modules/LightweightThemeManager.jsm:
			[&quot;LightweightThemeManager&quot;]
			1413840081238 addons.xpi DEBUG startup
			1413840081238 addons.xpi INFO Mapping {BBDA0591-3099-440a-AA10-41764D9DB4DB} to
			C:\ProgramData\Symantec\Symantec Endpoint
			Protection\12.1.3001.165.105\Data\IPSFF
			1413840081239 addons.xpi DEBUG Skipping unavailable install location
			app-system-local
			1413840081239 addons.xpi DEBUG Skipping unavailable install location
			app-system-share
			1413840081239 addons.xpi INFO Mapping {972ce4c6-7e08-4474-a285-3208198ce6fd} to
			C:\Program Files (x86)\Mozilla
			Firefox\browser\extensions\{972ce4c6-7e08-4474-a285-3208198ce6fd}
			1413840081240 addons.xpi INFO Mapping fxdriver@googlecode.com to
			C:\Users\pptipi\AppData\Local\Temp\anonymous3386957509747968548webdriver-profile\extensions\fxdriver@googlecode.com
			1413840081241 addons.xpi DEBUG Ignoring file entry whose name is not
			a valid add-on ID:
			C:\Users\pptipi\AppData\Local\Temp\anonymous3386957509747968548webdriver-profile\extensions\webdriver-staging
			1413840081241 addons.xpi DEBUG checkForChanges
			1413840081256 addons.xpi DEBUG No changes found

			at
			org.openqa.selenium.firefox.internal.NewProfileExtensionConnection.start(NewProfileExtensionConnection.java:109)
			at
			org.openqa.selenium.firefox.FirefoxDriver.startClient(FirefoxDriver.java:245)
			at
			org.openqa.selenium.remote.RemoteWebDriver.&lt;init&gt;(RemoteWebDriver.java:109)
			at
			org.openqa.selenium.firefox.FirefoxDriver.&lt;init&gt;(FirefoxDriver.java:183)
			at
			org.openqa.selenium.firefox.FirefoxDriver.&lt;init&gt;(FirefoxDriver.java:178)
			at
			org.openqa.selenium.firefox.FirefoxDriver.&lt;init&gt;(FirefoxDriver.java:174)
			at
			org.openqa.selenium.firefox.FirefoxDriver.&lt;init&gt;(FirefoxDriver.java:92)
			at
			com.amazon.testpages.SimpleAmazonSearchTest.setupSelenium(SimpleAmazonSearchTest.java:19)
			at sun.reflect.NativeMethodAccessorImpl.invoke0(Native Method)
			at
			sun.reflect.NativeMethodAccessorImpl.invoke(NativeMethodAccessorImpl.java:57)
			at
			sun.reflect.DelegatingMethodAccessorImpl.invoke(DelegatingMethodAccessorImpl.java:43)
			at java.lang.reflect.Method.invoke(Method.java:606)
			at
			org.junit.runners.model.FrameworkMethod$1.runReflectiveCall(FrameworkMethod.java:44)
			at
			org.junit.internal.runners.model.ReflectiveCallable.run(ReflectiveCallable.java:15)
			at
			org.junit.runners.model.FrameworkMethod.invokeExplosively(FrameworkMethod.java:41)
			at
			org.junit.internal.runners.statements.RunBefores.evaluate(RunBefores.java:27)
			at
			org.junit.internal.runners.statements.RunAfters.evaluate(RunAfters.java:31)
			at org.junit.runners.ParentRunner.runLeaf(ParentRunner.java:263)
			at
			org.junit.runners.BlockJUnit4ClassRunner.runChild(BlockJUnit4ClassRunner.java:69)
			at
			org.junit.runners.BlockJUnit4ClassRunner.runChild(BlockJUnit4ClassRunner.java:48)
			at org.junit.runners.ParentRunner$3.run(ParentRunner.java:231)
			at org.junit.runners.ParentRunner$1.schedule(ParentRunner.java:60)
			at org.junit.runners.ParentRunner.runChildren(ParentRunner.java:229)
			at org.junit.runners.ParentRunner.access$000(ParentRunner.java:50)
			at org.junit.runners.ParentRunner$2.evaluate(ParentRunner.java:222)
			at org.junit.runners.ParentRunner.run(ParentRunner.java:292)
			at
			org.apache.maven.surefire.junit4.JUnit4Provider.execute(JUnit4Provider.java:252)
			at
			org.apache.maven.surefire.junit4.JUnit4Provider.executeTestSet(JUnit4Provider.java:141)
			at
			org.apache.maven.surefire.junit4.JUnit4Provider.invoke(JUnit4Provider.java:112)
			at sun.reflect.NativeMethodAccessorImpl.invoke0(Native Method)
			at
			sun.reflect.NativeMethodAccessorImpl.invoke(NativeMethodAccessorImpl.java:57)
			at
			sun.reflect.DelegatingMethodAccessorImpl.invoke(DelegatingMethodAccessorImpl.java:43)
			at java.lang.reflect.Method.invoke(Method.java:606)
			at
			org.apache.maven.surefire.util.ReflectionUtils.invokeMethodWithArray(ReflectionUtils.java:189)
			at
			org.apache.maven.surefire.booter.ProviderFactory$ProviderProxy.invoke(ProviderFactory.java:165)
			at
			org.apache.maven.surefire.booter.ProviderFactory.invokeProvider(ProviderFactory.java:85)
			at
			org.apache.maven.surefire.booter.ForkedBooter.runSuitesInProcess(ForkedBooter.java:115)
			at
			org.apache.maven.surefire.booter.ForkedBooter.main(ForkedBooter.java:75)
		</system-err>
	</testcase>
	<testcase time="49.456" classname="com.amazon.testpages.SimpleAmazonSearchTest"
		name="search_amazon">
		<error type="java.lang.NullPointerException">java.lang.NullPointerException
			at
			com.amazon.testpages.SimpleAmazonSearchTest.closeSelenium(SimpleAmazonSearchTest.java:24)
			at sun.reflect.NativeMethodAccessorImpl.invoke0(Native Method)
			at
			sun.reflect.NativeMethodAccessorImpl.invoke(NativeMethodAccessorImpl.java:57)
			at
			sun.reflect.DelegatingMethodAccessorImpl.invoke(DelegatingMethodAccessorImpl.java:43)
			at java.lang.reflect.Method.invoke(Method.java:606)
			at
			org.junit.runners.model.FrameworkMethod$1.runReflectiveCall(FrameworkMethod.java:44)
			at
			org.junit.internal.runners.model.ReflectiveCallable.run(ReflectiveCallable.java:15)
			at
			org.junit.runners.model.FrameworkMethod.invokeExplosively(FrameworkMethod.java:41)
			at
			org.junit.internal.runners.statements.RunAfters.evaluate(RunAfters.java:37)
			at org.junit.runners.ParentRunner.runLeaf(ParentRunner.java:263)
			at
			org.junit.runners.BlockJUnit4ClassRunner.runChild(BlockJUnit4ClassRunner.java:69)
			at
			org.junit.runners.BlockJUnit4ClassRunner.runChild(BlockJUnit4ClassRunner.java:48)
			at org.junit.runners.ParentRunner$3.run(ParentRunner.java:231)
			at org.junit.runners.ParentRunner$1.schedule(ParentRunner.java:60)
			at org.junit.runners.ParentRunner.runChildren(ParentRunner.java:229)
			at org.junit.runners.ParentRunner.access$000(ParentRunner.java:50)
			at org.junit.runners.ParentRunner$2.evaluate(ParentRunner.java:222)
			at org.junit.runners.ParentRunner.run(ParentRunner.java:292)
			at
			org.apache.maven.surefire.junit4.JUnit4Provider.execute(JUnit4Provider.java:252)
			at
			org.apache.maven.surefire.junit4.JUnit4Provider.executeTestSet(JUnit4Provider.java:141)
			at
			org.apache.maven.surefire.junit4.JUnit4Provider.invoke(JUnit4Provider.java:112)
			at sun.reflect.NativeMethodAccessorImpl.invoke0(Native Method)
			at
			sun.reflect.NativeMethodAccessorImpl.invoke(NativeMethodAccessorImpl.java:57)
			at
			sun.reflect.DelegatingMethodAccessorImpl.invoke(DelegatingMethodAccessorImpl.java:43)
			at java.lang.reflect.Method.invoke(Method.java:606)
			at
			org.apache.maven.surefire.util.ReflectionUtils.invokeMethodWithArray(ReflectionUtils.java:189)
			at
			org.apache.maven.surefire.booter.ProviderFactory$ProviderProxy.invoke(ProviderFactory.java:165)
			at
			org.apache.maven.surefire.booter.ProviderFactory.invokeProvider(ProviderFactory.java:85)
			at
			org.apache.maven.surefire.booter.ForkedBooter.runSuitesInProcess(ForkedBooter.java:115)
			at
			org.apache.maven.surefire.booter.ForkedBooter.main(ForkedBooter.java:75)
		</error>
	</testcase>
</testsuite>